<?xml version="1.0" encoding="UTF-8"?>
<testng-results ignored="0" total="1" passed="1" failed="0" skipped="0">
  <reporter-output>
  </reporter-output>
  <suite started-at="2025-11-27T22:25:15 IST" name="LoginSuite" finished-at="2025-11-27T22:25:23 IST" duration-ms="7418">
    <groups>
    </groups>
    <test started-at="2025-11-27T22:25:15 IST" name="LoginTest" finished-at="2025-11-27T22:25:23 IST" duration-ms="7418">
      <class name="tests.LoginTest">
        <test-method is-config="true" signature="setup()[pri:0, instance:tests.LoginTest@3527942a]" started-at="2025-11-27T22:25:15 IST" name="setup" finished-at="2025-11-27T22:25:19 IST" duration-ms="4008" status="PASS">
          <reporter-output>
          </reporter-output>
        </test-method> <!-- setup -->
        <test-method signature="testValidLogin()[pri:0, instance:tests.LoginTest@3527942a]" started-at="2025-11-27T22:25:19 IST" name="testValidLogin" finished-at="2025-11-27T22:25:22 IST" duration-ms="2972" status="PASS">
          <reporter-output>
          </reporter-output>
        </test-method> <!-- testValidLogin -->
        <test-method is-config="true" signature="tearDown()[pri:0, instance:tests.LoginTest@3527942a]" started-at="2025-11-27T22:25:22 IST" name="tearDown" finished-at="2025-11-27T22:25:23 IST" duration-ms="380" status="PASS">
          <reporter-output>
          </reporter-output>
        </test-method> <!-- tearDown -->
      </class> <!-- tests.LoginTest -->
    </test> <!-- LoginTest -->
  </suite> <!-- LoginSuite -->
</testng-results>
